<?xml version="1.0" encoding="UTF-8"?>
<testsuite name="ComputerRepairRequestTest" tests="2" skipped="0" failures="0" errors="0" timestamp="2025-03-11T06:58:11" hostname="DESKTOP-5A22LFB" time="0.045">
  <properties/>
  <testcase name="Test for ComputerRepairRequest" classname="ComputerRepairRequestTest" time="0.041"/>
  <testcase name="Test for ComputerRepairRequest setters" classname="ComputerRepairRequestTest" time="0.001"/>
  <system-out><![CDATA[]]></system-out>
  <system-err><![CDATA[]]></system-err>
</testsuite>
